#
# There is insufficient memory for the Java Runtime Environment to continue.
# Native memory allocation (malloc) failed to allocate 749776 bytes for Chunk::new
# Possible reasons:
#   The system is out of physical RAM or swap space
#   The process is running with CompressedOops enabled, and the Java Heap may be blocking the growth of the native heap
# Possible solutions:
#   Reduce memory load on the system
#   Increase physical memory or swap space
#   Check if swap backing store is full
#   Decrease Java heap size (-Xmx/-Xms)
#   Decrease number of Java threads
#   Decrease Java thread stack sizes (-Xss)
#   Set larger code cache with -XX:ReservedCodeCacheSize=
#   JVM is running with Unscaled Compressed Oops mode in which the Java heap is
#     placed in the first 4GB address space. The Java Heap base address is the
#     maximum limit for the native heap growth. Please use -XX:HeapBaseMinAddress
#     to set the Java Heap base and to place the Java Heap above 4GB virtual address.
# This output file may be truncated or incomplete.
#
#  Out of Memory Error (./src/hotspot/share/memory/arena.cpp:197), pid=17952, tid=21520
#
# JRE version: OpenJDK Runtime Environment (11.0.10) (build 11.0.10+0-b96-7249189)
# Java VM: OpenJDK 64-Bit Server VM (11.0.10+0-b96-7249189, mixed mode, tiered, compressed oops, g1 gc, windows-amd64)
# No core dump will be written. Minidumps are not enabled by default on client versions of Windows
#

---------------  S U M M A R Y ------------

Command Line: org.jetbrains.kotlin.cli.jvm.K2JVMCompiler @C:\Users\57318\AndroidStudioProjects\YoutubeApp\app\build\20220303_3142081346993761926.compiler.options

Host: AMD Ryzen 5 3500U with Radeon Vega Mobile Gfx  , 8 cores, 3G,  Windows 10 , 64 bit Build 19041 (10.0.19041.1503)
Time: Thu Mar  3 22:56:43 2022 SA Pacific Standard Time elapsed time: 187.601683 seconds (0d 0h 3m 7s)

---------------  T H R E A D  ---------------

Current thread (0x000001d2ff618800):  JavaThread "C2 CompilerThread0" daemon [_thread_in_native, id=21520, stack(0x000000be78f00000,0x000000be79000000)]


Current CompileTask:
C2: 187602 5736       4       org.jetbrains.kotlin.serialization.deserialization.descriptors.DeserializedPackageMemberScope::getContributedClassifier (25 bytes)

Stack: [0x000000be78f00000,0x000000be79000000]
Native frames: (J=compiled Java code, j=interpreted, Vv=VM code, C=native code)
V  [jvm.dll+0x5ecfaa]
V  [jvm.dll+0x722bd5]
V  [jvm.dll+0x72412d]
V  [jvm.dll+0x7247e3]
V  [jvm.dll+0x242928]
V  [jvm.dll+0xbc4fc]
V  [jvm.dll+0xbca0c]
V  [jvm.dll+0x352d7d]
V  [jvm.dll+0x320ad3]
V  [jvm.dll+0x31ffca]
V  [jvm.dll+0x1fb602]
V  [jvm.dll+0x1fa7f4]
V  [jvm.dll+0x18354c]
V  [jvm.dll+0x208ee7]
V  [jvm.dll+0x207731]
V  [jvm.dll+0x6eb1cf]
V  [jvm.dll+0x6e3d45]
V  [jvm.dll+0x5ebe96]
C  [ucrtbase.dll+0x21bb2]
C  [KERNEL32.DLL+0x17034]
C  [ntdll.dll+0x52651]


---------------  P R O C E S S  ---------------

Threads class SMR info:
_java_thread_list=0x000001d2ff84d7e0, length=10, elements={
0x000001d2e8d5b000, 0x000001d2ff5a3800, 0x000001d2ff5a7000, 0x000001d2ff5c5000,
0x000001d2ff5c9000, 0x000001d2ff5ca000, 0x000001d2ff618800, 0x000001d2ff61c800,
0x000001d2ff638000, 0x000001d2ff880000
}

Java Threads: ( => current thread )
  0x000001d2e8d5b000 JavaThread "main" [_thread_in_Java, id=22732, stack(0x000000be78300000,0x000000be78400000)]
  0x000001d2ff5a3800 JavaThread "Reference Handler" daemon [_thread_blocked, id=5260, stack(0x000000be78a00000,0x000000be78b00000)]
  0x000001d2ff5a7000 JavaThread "Finalizer" daemon [_thread_blocked, id=23548, stack(0x000000be78b00000,0x000000be78c00000)]
  0x000001d2ff5c5000 JavaThread "Signal Dispatcher" daemon [_thread_blocked, id=20824, stack(0x000000be78c00000,0x000000be78d00000)]
  0x000001d2ff5c9000 JavaThread "Attach Listener" daemon [_thread_blocked, id=23524, stack(0x000000be78d00000,0x000000be78e00000)]
  0x000001d2ff5ca000 JavaThread "Service Thread" daemon [_thread_blocked, id=21632, stack(0x000000be78e00000,0x000000be78f00000)]
=>0x000001d2ff618800 JavaThread "C2 CompilerThread0" daemon [_thread_in_native, id=21520, stack(0x000000be78f00000,0x000000be79000000)]
  0x000001d2ff61c800 JavaThread "C1 CompilerThread0" daemon [_thread_in_vm, id=22632, stack(0x000000be79000000,0x000000be79100000)]
  0x000001d2ff638000 JavaThread "Sweeper thread" daemon [_thread_blocked, id=22596, stack(0x000000be79100000,0x000000be79200000)]
  0x000001d2ff880000 JavaThread "Common-Cleaner" daemon [_thread_blocked, id=22840, stack(0x000000be79300000,0x000000be79400000)]

Other Threads:
  0x000001d2ff580000 VMThread "VM Thread" [stack: 0x000000be78900000,0x000000be78a00000] [id=13996]
  0x000001d2ff871800 WatcherThread [stack: 0x000000be79200000,0x000000be79300000] [id=9252]
  0x000001d2e8d72800 GCTaskThread "GC Thread#0" [stack: 0x000000be78400000,0x000000be78500000] [id=10800]
  0x000001d2822b8000 GCTaskThread "GC Thread#1" [stack: 0x000000be79400000,0x000000be79500000] [id=2916]
  0x000001d2837e8000 GCTaskThread "GC Thread#2" [stack: 0x000000be78000000,0x000000be78100000] [id=22256]
  0x000001d2e8d8b800 ConcurrentGCThread "G1 Main Marker" [stack: 0x000000be78500000,0x000000be78600000] [id=22816]
  0x000001d2e8d8e000 ConcurrentGCThread "G1 Conc#0" [stack: 0x000000be78600000,0x000000be78700000] [id=21636]
  0x000001d2823ea000 ConcurrentGCThread "G1 Conc#1" [stack: 0x000000be79500000,0x000000be79600000] [id=18328]
  0x000001d2e8de8000 ConcurrentGCThread "G1 Refine#0" [stack: 0x000000be78700000,0x000000be78800000] [id=22704]
  0x000001d2e8de9800 ConcurrentGCThread "G1 Young RemSet Sampling" [stack: 0x000000be78800000,0x000000be78900000] [id=22664]

Threads with active compile tasks:
C2 CompilerThread0 187788 5736       4       org.jetbrains.kotlin.serialization.deserialization.descriptors.DeserializedPackageMemberScope::getContributedClassifier (25 bytes)
C1 CompilerThread0 187788 5767       3       org.jetbrains.kotlin.psi.KtDeclarationStub::getParent (45 bytes)

VM state:not at safepoint (normal execution)

VM Mutex/Monitor currently owned by a thread:  ([mutex/lock_event])
[0x000001d2e8d5a8a0] Compile_lock - owner thread: 0x000001d2ff61c800

Heap address: 0x00000000c8c00000, size: 884 MB, Compressed Oops mode: 32-bit
Narrow klass base: 0x0000000000000000, Narrow klass shift: 3
Compressed class space size: 1073741824 Address: 0x0000000100000000

Heap:
 garbage-first heap   total 159744K, used 53412K [0x00000000c8c00000, 0x0000000100000000)
  region size 1024K, 7 young (7168K), 2 survivors (2048K)
 Metaspace       used 53846K, capacity 54424K, committed 54604K, reserved 1097728K
  class space    used 6159K, capacity 6385K, committed 6476K, reserved 1048576K
Heap Regions: E=young(eden), S=young(survivor), O=old, HS=humongous(starts), HC=humongous(continues), CS=collection set, F=free, A=archive, TAMS=top-at-mark-start (previous, next)
|   0|0x00000000c8c00000, 0x00000000c8d00000, 0x00000000c8d00000|100%|HS|  |TAMS 0x00000000c8d00000, 0x00000000c8c00000| Complete 
|   1|0x00000000c8d00000, 0x00000000c8e00000, 0x00000000c8e00000|100%|HC|  |TAMS 0x00000000c8e00000, 0x00000000c8d00000| Complete 
|   2|0x00000000c8e00000, 0x00000000c8f00000, 0x00000000c8f00000|100%|HC|  |TAMS 0x00000000c8f00000, 0x00000000c8e00000| Complete 
|   3|0x00000000c8f00000, 0x00000000c9000000, 0x00000000c9000000|100%| O|  |TAMS 0x00000000c9000000, 0x00000000c8f00000| Untracked 
|   4|0x00000000c9000000, 0x00000000c9100000, 0x00000000c9100000|100%| O|  |TAMS 0x00000000c9100000, 0x00000000c9000000| Untracked 
|   5|0x00000000c9100000, 0x00000000c9200000, 0x00000000c9200000|100%| O|  |TAMS 0x00000000c9200000, 0x00000000c9100000| Untracked 
|   6|0x00000000c9200000, 0x00000000c9300000, 0x00000000c9300000|100%| O|  |TAMS 0x00000000c9300000, 0x00000000c9200000| Untracked 
|   7|0x00000000c9300000, 0x00000000c9400000, 0x00000000c9400000|100%| O|  |TAMS 0x00000000c9400000, 0x00000000c9300000| Untracked 
|   8|0x00000000c9400000, 0x00000000c9500000, 0x00000000c9500000|100%| O|  |TAMS 0x00000000c9500000, 0x00000000c9400000| Untracked 
|   9|0x00000000c9500000, 0x00000000c9600000, 0x00000000c9600000|100%|HS|  |TAMS 0x00000000c9600000, 0x00000000c9500000| Complete 
|  10|0x00000000c9600000, 0x00000000c9700000, 0x00000000c9700000|100%|HC|  |TAMS 0x00000000c9700000, 0x00000000c9600000| Complete 
|  11|0x00000000c9700000, 0x00000000c9800000, 0x00000000c9800000|100%|HC|  |TAMS 0x00000000c9800000, 0x00000000c9700000| Complete 
|  12|0x00000000c9800000, 0x00000000c9900000, 0x00000000c9900000|100%|HS|  |TAMS 0x00000000c9900000, 0x00000000c9800000| Complete 
|  13|0x00000000c9900000, 0x00000000c9a00000, 0x00000000c9a00000|100%|HC|  |TAMS 0x00000000c9a00000, 0x00000000c9900000| Complete 
|  14|0x00000000c9a00000, 0x00000000c9b00000, 0x00000000c9b00000|100%|HC|  |TAMS 0x00000000c9b00000, 0x00000000c9a00000| Complete 
|  15|0x00000000c9b00000, 0x00000000c9c00000, 0x00000000c9c00000|100%| O|  |TAMS 0x00000000c9c00000, 0x00000000c9b00000| Untracked 
|  16|0x00000000c9c00000, 0x00000000c9d00000, 0x00000000c9d00000|100%| O|  |TAMS 0x00000000c9d00000, 0x00000000c9c00000| Untracked 
|  17|0x00000000c9d00000, 0x00000000c9e00000, 0x00000000c9e00000|100%| O|  |TAMS 0x00000000c9e00000, 0x00000000c9d00000| Untracked 
|  18|0x00000000c9e00000, 0x00000000c9f00000, 0x00000000c9f00000|100%| O|  |TAMS 0x00000000c9f00000, 0x00000000c9e00000| Untracked 
|  19|0x00000000c9f00000, 0x00000000ca000000, 0x00000000ca000000|100%| O|  |TAMS 0x00000000ca000000, 0x00000000c9f00000| Untracked 
|  20|0x00000000ca000000, 0x00000000ca100000, 0x00000000ca100000|100%| O|  |TAMS 0x00000000ca100000, 0x00000000ca000000| Untracked 
|  21|0x00000000ca100000, 0x00000000ca200000, 0x00000000ca200000|100%| O|  |TAMS 0x00000000ca200000, 0x00000000ca100000| Untracked 
|  22|0x00000000ca200000, 0x00000000ca300000, 0x00000000ca300000|100%| O|  |TAMS 0x00000000ca300000, 0x00000000ca200000| Untracked 
|  23|0x00000000ca300000, 0x00000000ca400000, 0x00000000ca400000|100%| O|  |TAMS 0x00000000ca400000, 0x00000000ca300000| Untracked 
|  24|0x00000000ca400000, 0x00000000ca500000, 0x00000000ca500000|100%|HS|  |TAMS 0x00000000ca500000, 0x00000000ca400000| Complete 
|  25|0x00000000ca500000, 0x00000000ca600000, 0x00000000ca600000|100%|HC|  |TAMS 0x00000000ca600000, 0x00000000ca500000| Complete 
|  26|0x00000000ca600000, 0x00000000ca700000, 0x00000000ca700000|100%| O|  |TAMS 0x00000000ca700000, 0x00000000ca600000| Untracked 
|  27|0x00000000ca700000, 0x00000000ca800000, 0x00000000ca800000|100%| O|  |TAMS 0x00000000ca800000, 0x00000000ca700000| Untracked 
|  28|0x00000000ca800000, 0x00000000ca900000, 0x00000000ca900000|100%| O|  |TAMS 0x00000000ca900000, 0x00000000ca800000| Untracked 
|  29|0x00000000ca900000, 0x00000000caa00000, 0x00000000caa00000|100%| O|  |TAMS 0x00000000caa00000, 0x00000000ca900000| Untracked 
|  30|0x00000000caa00000, 0x00000000cab00000, 0x00000000cab00000|100%| O|  |TAMS 0x00000000cab00000, 0x00000000caa00000| Untracked 
|  31|0x00000000cab00000, 0x00000000cac00000, 0x00000000cac00000|100%| O|  |TAMS 0x00000000cac00000, 0x00000000cab00000| Untracked 
|  32|0x00000000cac00000, 0x00000000cad00000, 0x00000000cad00000|100%| O|  |TAMS 0x00000000cad00000, 0x00000000cac00000| Untracked 
|  33|0x00000000cad00000, 0x00000000cae00000, 0x00000000cae00000|100%| O|  |TAMS 0x00000000cae00000, 0x00000000cad00000| Untracked 
|  34|0x00000000cae00000, 0x00000000caf00000, 0x00000000caf00000|100%| O|  |TAMS 0x00000000caf00000, 0x00000000cae00000| Untracked 
|  35|0x00000000caf00000, 0x00000000cb000000, 0x00000000cb000000|100%| O|  |TAMS 0x00000000cb000000, 0x00000000caf00000| Untracked 
|  36|0x00000000cb000000, 0x00000000cb100000, 0x00000000cb100000|100%| O|  |TAMS 0x00000000cb100000, 0x00000000cb000000| Untracked 
|  37|0x00000000cb100000, 0x00000000cb200000, 0x00000000cb200000|100%| O|  |TAMS 0x00000000cb18fc00, 0x00000000cb100000| Untracked 
|  38|0x00000000cb200000, 0x00000000cb300000, 0x00000000cb300000|100%| O|  |TAMS 0x00000000cb200000, 0x00000000cb200000| Untracked 
|  39|0x00000000cb300000, 0x00000000cb400000, 0x00000000cb400000|100%| O|  |TAMS 0x00000000cb300000, 0x00000000cb300000| Untracked 
|  40|0x00000000cb400000, 0x00000000cb500000, 0x00000000cb500000|100%| O|  |TAMS 0x00000000cb400000, 0x00000000cb400000| Untracked 
|  41|0x00000000cb500000, 0x00000000cb600000, 0x00000000cb600000|100%| O|  |TAMS 0x00000000cb500000, 0x00000000cb500000| Untracked 
|  42|0x00000000cb600000, 0x00000000cb700000, 0x00000000cb700000|100%| O|  |TAMS 0x00000000cb600000, 0x00000000cb600000| Untracked 
|  43|0x00000000cb700000, 0x00000000cb800000, 0x00000000cb800000|100%| O|  |TAMS 0x00000000cb700000, 0x00000000cb700000| Untracked 
|  44|0x00000000cb800000, 0x00000000cb900000, 0x00000000cb900000|100%| O|  |TAMS 0x00000000cb800000, 0x00000000cb800000| Untracked 
|  45|0x00000000cb900000, 0x00000000cba00000, 0x00000000cba00000|100%| O|  |TAMS 0x00000000cb900000, 0x00000000cb900000| Untracked 
|  46|0x00000000cba00000, 0x00000000cba5e600, 0x00000000cbb00000| 36%| O|  |TAMS 0x00000000cba00000, 0x00000000cba00000| Untracked 
|  47|0x00000000cbb00000, 0x00000000cbb00000, 0x00000000cbc00000|  0%| F|  |TAMS 0x00000000cbb00000, 0x00000000cbb00000| Untracked 
|  48|0x00000000cbc00000, 0x00000000cbc00000, 0x00000000cbd00000|  0%| F|  |TAMS 0x00000000cbc00000, 0x00000000cbc00000| Untracked 
|  49|0x00000000cbd00000, 0x00000000cbd00000, 0x00000000cbe00000|  0%| F|  |TAMS 0x00000000cbd00000, 0x00000000cbd00000| Untracked 
|  50|0x00000000cbe00000, 0x00000000cbe00000, 0x00000000cbf00000|  0%| F|  |TAMS 0x00000000cbe00000, 0x00000000cbe00000| Untracked 
|  51|0x00000000cbf00000, 0x00000000cbf00000, 0x00000000cc000000|  0%| F|  |TAMS 0x00000000cbf00000, 0x00000000cbf00000| Untracked 
|  52|0x00000000cc000000, 0x00000000cc000000, 0x00000000cc100000|  0%| F|  |TAMS 0x00000000cc000000, 0x00000000cc000000| Untracked 
|  53|0x00000000cc100000, 0x00000000cc100000, 0x00000000cc200000|  0%| F|  |TAMS 0x00000000cc100000, 0x00000000cc100000| Untracked 
|  54|0x00000000cc200000, 0x00000000cc200000, 0x00000000cc300000|  0%| F|  |TAMS 0x00000000cc200000, 0x00000000cc200000| Untracked 
|  55|0x00000000cc300000, 0x00000000cc300000, 0x00000000cc400000|  0%| F|  |TAMS 0x00000000cc300000, 0x00000000cc300000| Untracked 
|  56|0x00000000cc400000, 0x00000000cc400000, 0x00000000cc500000|  0%| F|  |TAMS 0x00000000cc400000, 0x00000000cc400000| Untracked 
|  57|0x00000000cc500000, 0x00000000cc500000, 0x00000000cc600000|  0%| F|  |TAMS 0x00000000cc500000, 0x00000000cc500000| Untracked 
|  58|0x00000000cc600000, 0x00000000cc600000, 0x00000000cc700000|  0%| F|  |TAMS 0x00000000cc600000, 0x00000000cc600000| Untracked 
|  59|0x00000000cc700000, 0x00000000cc700000, 0x00000000cc800000|  0%| F|  |TAMS 0x00000000cc700000, 0x00000000cc700000| Untracked 
|  60|0x00000000cc800000, 0x00000000cc800000, 0x00000000cc900000|  0%| F|  |TAMS 0x00000000cc800000, 0x00000000cc800000| Untracked 
|  61|0x00000000cc900000, 0x00000000cc900000, 0x00000000cca00000|  0%| F|  |TAMS 0x00000000cc900000, 0x00000000cc900000| Untracked 
|  62|0x00000000cca00000, 0x00000000cca00000, 0x00000000ccb00000|  0%| F|  |TAMS 0x00000000cca00000, 0x00000000cca00000| Untracked 
|  63|0x00000000ccb00000, 0x00000000ccb00000, 0x00000000ccc00000|  0%| F|  |TAMS 0x00000000ccb00000, 0x00000000ccb00000| Untracked 
|  64|0x00000000ccc00000, 0x00000000ccc00000, 0x00000000ccd00000|  0%| F|  |TAMS 0x00000000ccc00000, 0x00000000ccc00000| Untracked 
|  65|0x00000000ccd00000, 0x00000000ccd00000, 0x00000000cce00000|  0%| F|  |TAMS 0x00000000ccd00000, 0x00000000ccd00000| Untracked 
|  66|0x00000000cce00000, 0x00000000cce00000, 0x00000000ccf00000|  0%| F|  |TAMS 0x00000000cce00000, 0x00000000cce00000| Untracked 
|  67|0x00000000ccf00000, 0x00000000ccf00000, 0x00000000cd000000|  0%| F|  |TAMS 0x00000000ccf00000, 0x00000000ccf00000| Untracked 
|  68|0x00000000cd000000, 0x00000000cd000000, 0x00000000cd100000|  0%| F|  |TAMS 0x00000000cd000000, 0x00000000cd000000| Untracked 
|  69|0x00000000cd100000, 0x00000000cd100000, 0x00000000cd200000|  0%| F|  |TAMS 0x00000000cd100000, 0x00000000cd100000| Untracked 
|  70|0x00000000cd200000, 0x00000000cd200000, 0x00000000cd300000|  0%| F|  |TAMS 0x00000000cd200000, 0x00000000cd200000| Untracked 
|  71|0x00000000cd300000, 0x00000000cd300000, 0x00000000cd400000|  0%| F|  |TAMS 0x00000000cd300000, 0x00000000cd300000| Untracked 
|  72|0x00000000cd400000, 0x00000000cd400000, 0x00000000cd500000|  0%| F|  |TAMS 0x00000000cd400000, 0x00000000cd400000| Untracked 
|  73|0x00000000cd500000, 0x00000000cd500000, 0x00000000cd600000|  0%| F|  |TAMS 0x00000000cd500000, 0x00000000cd500000| Untracked 
|  74|0x00000000cd600000, 0x00000000cd600000, 0x00000000cd700000|  0%| F|  |TAMS 0x00000000cd600000, 0x00000000cd600000| Untracked 
|  75|0x00000000cd700000, 0x00000000cd700000, 0x00000000cd800000|  0%| F|  |TAMS 0x00000000cd700000, 0x00000000cd700000| Untracked 
|  76|0x00000000cd800000, 0x00000000cd800000, 0x00000000cd900000|  0%| F|  |TAMS 0x00000000cd800000, 0x00000000cd800000| Untracked 
|  77|0x00000000cd900000, 0x00000000cd900000, 0x00000000cda00000|  0%| F|  |TAMS 0x00000000cd900000, 0x00000000cd900000| Untracked 
|  78|0x00000000cda00000, 0x00000000cda00000, 0x00000000cdb00000|  0%| F|  |TAMS 0x00000000cda00000, 0x00000000cda00000| Untracked 
|  79|0x00000000cdb00000, 0x00000000cdb00000, 0x00000000cdc00000|  0%| F|  |TAMS 0x00000000cdb00000, 0x00000000cdb00000| Untracked 
|  80|0x00000000cdc00000, 0x00000000cdc00000, 0x00000000cdd00000|  0%| F|  |TAMS 0x00000000cdc00000, 0x00000000cdc00000| Untracked 
|  81|0x00000000cdd00000, 0x00000000cdd00000, 0x00000000cde00000|  0%| F|  |TAMS 0x00000000cdd00000, 0x00000000cdd00000| Untracked 
|  82|0x00000000cde00000, 0x00000000cde00000, 0x00000000cdf00000|  0%| F|  |TAMS 0x00000000cde00000, 0x00000000cde00000| Untracked 
|  83|0x00000000cdf00000, 0x00000000cdf00000, 0x00000000ce000000|  0%| F|  |TAMS 0x00000000cdf00000, 0x00000000cdf00000| Untracked 
|  84|0x00000000ce000000, 0x00000000ce000000, 0x00000000ce100000|  0%| F|  |TAMS 0x00000000ce000000, 0x00000000ce000000| Untracked 
|  85|0x00000000ce100000, 0x00000000ce100000, 0x00000000ce200000|  0%| F|  |TAMS 0x00000000ce100000, 0x00000000ce100000| Untracked 
|  86|0x00000000ce200000, 0x00000000ce200000, 0x00000000ce300000|  0%| F|  |TAMS 0x00000000ce200000, 0x00000000ce200000| Untracked 
|  87|0x00000000ce300000, 0x00000000ce300000, 0x00000000ce400000|  0%| F|  |TAMS 0x00000000ce300000, 0x00000000ce300000| Untracked 
|  88|0x00000000ce400000, 0x00000000ce400000, 0x00000000ce500000|  0%| F|  |TAMS 0x00000000ce400000, 0x00000000ce400000| Untracked 
|  89|0x00000000ce500000, 0x00000000ce500000, 0x00000000ce600000|  0%| F|  |TAMS 0x00000000ce500000, 0x00000000ce500000| Untracked 
|  90|0x00000000ce600000, 0x00000000ce600000, 0x00000000ce700000|  0%| F|  |TAMS 0x00000000ce600000, 0x00000000ce600000| Untracked 
|  91|0x00000000ce700000, 0x00000000ce700000, 0x00000000ce800000|  0%| F|  |TAMS 0x00000000ce700000, 0x00000000ce700000| Untracked 
|  92|0x00000000ce800000, 0x00000000ce800000, 0x00000000ce900000|  0%| F|  |TAMS 0x00000000ce800000, 0x00000000ce800000| Untracked 
|  93|0x00000000ce900000, 0x00000000ce900000, 0x00000000cea00000|  0%| F|  |TAMS 0x00000000ce900000, 0x00000000ce900000| Untracked 
|  94|0x00000000cea00000, 0x00000000cea00000, 0x00000000ceb00000|  0%| F|  |TAMS 0x00000000cea00000, 0x00000000cea00000| Untracked 
|  95|0x00000000ceb00000, 0x00000000ceb00000, 0x00000000cec00000|  0%| F|  |TAMS 0x00000000ceb00000, 0x00000000ceb00000| Untracked 
|  96|0x00000000cec00000, 0x00000000cec00000, 0x00000000ced00000|  0%| F|  |TAMS 0x00000000cec00000, 0x00000000cec00000| Untracked 
|  97|0x00000000ced00000, 0x00000000ced00000, 0x00000000cee00000|  0%| F|  |TAMS 0x00000000ced00000, 0x00000000ced00000| Untracked 
|  98|0x00000000cee00000, 0x00000000cee00000, 0x00000000cef00000|  0%| F|  |TAMS 0x00000000cee00000, 0x00000000cee00000| Untracked 
|  99|0x00000000cef00000, 0x00000000cef00000, 0x00000000cf000000|  0%| F|  |TAMS 0x00000000cef00000, 0x00000000cef00000| Untracked 
| 100|0x00000000cf000000, 0x00000000cf000000, 0x00000000cf100000|  0%| F|  |TAMS 0x00000000cf000000, 0x00000000cf000000| Untracked 
| 101|0x00000000cf100000, 0x00000000cf100000, 0x00000000cf200000|  0%| F|  |TAMS 0x00000000cf100000, 0x00000000cf100000| Untracked 
| 102|0x00000000cf200000, 0x00000000cf200000, 0x00000000cf300000|  0%| F|  |TAMS 0x00000000cf200000, 0x00000000cf200000| Untracked 
| 103|0x00000000cf300000, 0x00000000cf300000, 0x00000000cf400000|  0%| F|  |TAMS 0x00000000cf300000, 0x00000000cf300000| Untracked 
| 104|0x00000000cf400000, 0x00000000cf400000, 0x00000000cf500000|  0%| F|  |TAMS 0x00000000cf400000, 0x00000000cf400000| Untracked 
| 105|0x00000000cf500000, 0x00000000cf500000, 0x00000000cf600000|  0%| F|  |TAMS 0x00000000cf500000, 0x00000000cf500000| Untracked 
| 106|0x00000000cf600000, 0x00000000cf600000, 0x00000000cf700000|  0%| F|  |TAMS 0x00000000cf600000, 0x00000000cf600000| Untracked 
| 107|0x00000000cf700000, 0x00000000cf700000, 0x00000000cf800000|  0%| F|  |TAMS 0x00000000cf700000, 0x00000000cf700000| Untracked 
| 108|0x00000000cf800000, 0x00000000cf800000, 0x00000000cf900000|  0%| F|  |TAMS 0x00000000cf800000, 0x00000000cf800000| Untracked 
| 109|0x00000000cf900000, 0x00000000cf900000, 0x00000000cfa00000|  0%| F|  |TAMS 0x00000000cf900000, 0x00000000cf900000| Untracked 
| 110|0x00000000cfa00000, 0x00000000cfa00000, 0x00000000cfb00000|  0%| F|  |TAMS 0x00000000cfa00000, 0x00000000cfa00000| Untracked 
| 111|0x00000000cfb00000, 0x00000000cfb00000, 0x00000000cfc00000|  0%| F|  |TAMS 0x00000000cfb00000, 0x00000000cfb00000| Untracked 
| 112|0x00000000cfc00000, 0x00000000cfc00000, 0x00000000cfd00000|  0%| F|  |TAMS 0x00000000cfc00000, 0x00000000cfc00000| Untracked 
| 113|0x00000000cfd00000, 0x00000000cfd00000, 0x00000000cfe00000|  0%| F|  |TAMS 0x00000000cfd00000, 0x00000000cfd00000| Untracked 
| 114|0x00000000cfe00000, 0x00000000cfe00000, 0x00000000cff00000|  0%| F|  |TAMS 0x00000000cfe00000, 0x00000000cfe00000| Untracked 
| 115|0x00000000cff00000, 0x00000000cff00000, 0x00000000d0000000|  0%| F|  |TAMS 0x00000000cff00000, 0x00000000cff00000| Untracked 
| 116|0x00000000d0000000, 0x00000000d0000000, 0x00000000d0100000|  0%| F|  |TAMS 0x00000000d0000000, 0x00000000d0000000| Untracked 
| 117|0x00000000d0100000, 0x00000000d0100000, 0x00000000d0200000|  0%| F|  |TAMS 0x00000000d0100000, 0x00000000d0100000| Untracked 
| 118|0x00000000d0200000, 0x00000000d0200000, 0x00000000d0300000|  0%| F|  |TAMS 0x00000000d0200000, 0x00000000d0200000| Untracked 
| 119|0x00000000d0300000, 0x00000000d0300000, 0x00000000d0400000|  0%| F|  |TAMS 0x00000000d0300000, 0x00000000d0300000| Untracked 
| 120|0x00000000d0400000, 0x00000000d0400000, 0x00000000d0500000|  0%| F|  |TAMS 0x00000000d0400000, 0x00000000d0400000| Untracked 
| 121|0x00000000d0500000, 0x00000000d0500000, 0x00000000d0600000|  0%| F|  |TAMS 0x00000000d0500000, 0x00000000d0500000| Untracked 
| 122|0x00000000d0600000, 0x00000000d0600000, 0x00000000d0700000|  0%| F|  |TAMS 0x00000000d0600000, 0x00000000d0600000| Untracked 
| 123|0x00000000d0700000, 0x00000000d0700000, 0x00000000d0800000|  0%| F|  |TAMS 0x00000000d0700000, 0x00000000d0700000| Untracked 
| 124|0x00000000d0800000, 0x00000000d0800000, 0x00000000d0900000|  0%| F|  |TAMS 0x00000000d0800000, 0x00000000d0800000| Untracked 
| 125|0x00000000d0900000, 0x00000000d0900000, 0x00000000d0a00000|  0%| F|  |TAMS 0x00000000d0900000, 0x00000000d0900000| Untracked 
| 126|0x00000000d0a00000, 0x00000000d0a00000, 0x00000000d0b00000|  0%| F|  |TAMS 0x00000000d0a00000, 0x00000000d0a00000| Untracked 
| 127|0x00000000d0b00000, 0x00000000d0b00000, 0x00000000d0c00000|  0%| F|  |TAMS 0x00000000d0b00000, 0x00000000d0b00000| Untracked 
| 128|0x00000000d0c00000, 0x00000000d0c00000, 0x00000000d0d00000|  0%| F|  |TAMS 0x00000000d0c00000, 0x00000000d0c00000| Untracked 
| 129|0x00000000d0d00000, 0x00000000d0d00000, 0x00000000d0e00000|  0%| F|  |TAMS 0x00000000d0d00000, 0x00000000d0d00000| Untracked 
| 130|0x00000000d0e00000, 0x00000000d0e00000, 0x00000000d0f00000|  0%| F|  |TAMS 0x00000000d0e00000, 0x00000000d0e00000| Untracked 
| 131|0x00000000d0f00000, 0x00000000d0f00000, 0x00000000d1000000|  0%| F|  |TAMS 0x00000000d0f00000, 0x00000000d0f00000| Untracked 
| 132|0x00000000d1000000, 0x00000000d1000000, 0x00000000d1100000|  0%| F|  |TAMS 0x00000000d1000000, 0x00000000d1000000| Untracked 
| 133|0x00000000d1100000, 0x00000000d1100000, 0x00000000d1200000|  0%| F|  |TAMS 0x00000000d1100000, 0x00000000d1100000| Untracked 
| 134|0x00000000d1200000, 0x00000000d1200000, 0x00000000d1300000|  0%| F|  |TAMS 0x00000000d1200000, 0x00000000d1200000| Untracked 
| 135|0x00000000d1300000, 0x00000000d1300000, 0x00000000d1400000|  0%| F|  |TAMS 0x00000000d1300000, 0x00000000d1300000| Untracked 
| 136|0x00000000d1400000, 0x00000000d1400000, 0x00000000d1500000|  0%| F|  |TAMS 0x00000000d1400000, 0x00000000d1400000| Untracked 
| 137|0x00000000d1500000, 0x00000000d1500000, 0x00000000d1600000|  0%| F|  |TAMS 0x00000000d1500000, 0x00000000d1500000| Untracked 
| 138|0x00000000d1600000, 0x00000000d1600000, 0x00000000d1700000|  0%| F|  |TAMS 0x00000000d1600000, 0x00000000d1600000| Untracked 
| 139|0x00000000d1700000, 0x00000000d1700000, 0x00000000d1800000|  0%| F|  |TAMS 0x00000000d1700000, 0x00000000d1700000| Untracked 
| 140|0x00000000d1800000, 0x00000000d1800000, 0x00000000d1900000|  0%| F|  |TAMS 0x00000000d1800000, 0x00000000d1800000| Untracked 
| 141|0x00000000d1900000, 0x00000000d1900000, 0x00000000d1a00000|  0%| F|  |TAMS 0x00000000d1900000, 0x00000000d1900000| Untracked 
| 142|0x00000000d1a00000, 0x00000000d1a00000, 0x00000000d1b00000|  0%| F|  |TAMS 0x00000000d1a00000, 0x00000000d1a00000| Untracked 
| 143|0x00000000d1b00000, 0x00000000d1b00000, 0x00000000d1c00000|  0%| F|  |TAMS 0x00000000d1b00000, 0x00000000d1b00000| Untracked 
| 144|0x00000000d1c00000, 0x00000000d1c00000, 0x00000000d1d00000|  0%| F|  |TAMS 0x00000000d1c00000, 0x00000000d1c00000| Untracked 
| 145|0x00000000d1d00000, 0x00000000d1d00000, 0x00000000d1e00000|  0%| F|  |TAMS 0x00000000d1d00000, 0x00000000d1d00000| Untracked 
| 146|0x00000000d1e00000, 0x00000000d1ecabf0, 0x00000000d1f00000| 79%| S|CS|TAMS 0x00000000d1e00000, 0x00000000d1e00000| Complete 
| 147|0x00000000d1f00000, 0x00000000d2000000, 0x00000000d2000000|100%| S|CS|TAMS 0x00000000d1f00000, 0x00000000d1f00000| Complete 
| 148|0x00000000d2000000, 0x00000000d2000000, 0x00000000d2100000|  0%| F|  |TAMS 0x00000000d2000000, 0x00000000d2000000| Untracked 
| 149|0x00000000d2100000, 0x00000000d2100000, 0x00000000d2200000|  0%| F|  |TAMS 0x00000000d2100000, 0x00000000d2100000| Untracked 
| 150|0x00000000d2200000, 0x00000000d2200000, 0x00000000d2300000|  0%| F|  |TAMS 0x00000000d2200000, 0x00000000d2200000| Untracked 
| 151|0x00000000d2300000, 0x00000000d23ee578, 0x00000000d2400000| 93%| E|  |TAMS 0x00000000d2300000, 0x00000000d2300000| Complete 
| 152|0x00000000d2400000, 0x00000000d2500000, 0x00000000d2500000|100%| E|CS|TAMS 0x00000000d2400000, 0x00000000d2400000| Complete 
| 153|0x00000000d2500000, 0x00000000d2600000, 0x00000000d2600000|100%| E|CS|TAMS 0x00000000d2500000, 0x00000000d2500000| Complete 
| 154|0x00000000d2600000, 0x00000000d2700000, 0x00000000d2700000|100%| E|CS|TAMS 0x00000000d2600000, 0x00000000d2600000| Complete 
| 155|0x00000000d2700000, 0x00000000d2800000, 0x00000000d2800000|100%| E|CS|TAMS 0x00000000d2700000, 0x00000000d2700000| Complete 

Card table byte_map: [0x000001d2fc490000,0x000001d2fc650000] _byte_map_base: 0x000001d2fbe4a000

Marking Bits (Prev, Next): (CMBitMap*) 0x000001d2e8d870d8, (CMBitMap*) 0x000001d2e8d87110
 Prev Bits: [0x000001d2fc810000, 0x000001d2fd5e0000)
 Next Bits: [0x000001d2fd5e0000, 0x000001d2fe3b0000)

Polling page: 0x000001d2e7510000

Metaspace:

Usage:
  Non-class:     46.91 MB capacity,    46.59 MB (>99%) used,   259.31 KB ( <1%) free+waste,    76.13 KB ( <1%) overhead. 
      Class:      6.24 MB capacity,     6.02 MB ( 96%) used,   193.58 KB (  3%) free+waste,    31.19 KB ( <1%) overhead. 
       Both:     53.15 MB capacity,    52.60 MB ( 99%) used,   452.89 KB ( <1%) free+waste,   107.31 KB ( <1%) overhead. 

Virtual space:
  Non-class space:       48.00 MB reserved,      47.00 MB ( 98%) committed 
      Class space:        1.00 GB reserved,       6.32 MB ( <1%) committed 
             Both:        1.05 GB reserved,      53.32 MB (  5%) committed 

Chunk freelists:
   Non-Class:  89.00 KB
       Class:  15.00 KB
        Both:  104.00 KB

MaxMetaspaceSize: 17179869184.00 GB
CompressedClassSpaceSize: 1.00 GB

CodeHeap 'non-profiled nmethods': size=120000Kb used=2947Kb max_used=2947Kb free=117053Kb
 bounds [0x000001d2f4320000, 0x000001d2f4610000, 0x000001d2fb850000]
CodeHeap 'profiled nmethods': size=120000Kb used=14945Kb max_used=14945Kb free=105055Kb
 bounds [0x000001d2ecdf0000, 0x000001d2edc90000, 0x000001d2f4320000]
CodeHeap 'non-nmethods': size=5760Kb used=1204Kb max_used=1254Kb free=4555Kb
 bounds [0x000001d2ec850000, 0x000001d2ecac0000, 0x000001d2ecdf0000]
 total_blobs=6237 nmethods=5675 adapters=473
 compilation: enabled
              stopped_count=0, restarted_count=0
 full_count=0

Compilation events (20 events):
Event: 187.411 Thread 0x000001d2ff61c800 nmethod 5732 0x000001d2f45fe510 code [0x000001d2f45fe6c0, 0x000001d2f45fe778]
Event: 187.416 Thread 0x000001d2ff61c800 5733       1       org.jetbrains.kotlin.resolve.calls.tower.TowerData$BothTowerLevelAndImplicitReceiver::getImplicitReceiver (5 bytes)
Event: 187.416 Thread 0x000001d2ff61c800 nmethod 5733 0x000001d2f45fe810 code [0x000001d2f45fe9c0, 0x000001d2f45fea78]
Event: 187.416 Thread 0x000001d2ff61c800 5734       3       org.jetbrains.kotlin.resolve.calls.tower.AbstractSimpleScopeTowerProcessor::process (6 bytes)
Event: 187.417 Thread 0x000001d2ff61c800 nmethod 5734 0x000001d2edc66090 code [0x000001d2edc66240, 0x000001d2edc66368]
Event: 187.417 Thread 0x000001d2ff61c800 5735       3       org.jetbrains.kotlin.resolve.calls.tower.SimpleScopeTowerProcessor$DefaultImpls::process (66 bytes)
Event: 187.419 Thread 0x000001d2ff61c800 nmethod 5735 0x000001d2edc66410 code [0x000001d2edc66740, 0x000001d2edc677c8]
Event: 187.422 Thread 0x000001d2ff618800 5736       4       org.jetbrains.kotlin.serialization.deserialization.descriptors.DeserializedPackageMemberScope::getContributedClassifier (25 bytes)
Event: 187.423 Thread 0x000001d2ff61c800 5737       3       org.jetbrains.kotlin.resolve.calls.tower.NoExplicitReceiverScopeTowerProcessor::simpleProcess (103 bytes)
Event: 187.425 Thread 0x000001d2ff61c800 nmethod 5737 0x000001d2edc67d90 code [0x000001d2edc68080, 0x000001d2edc69178]
Event: 187.425 Thread 0x000001d2ff61c800 5738       3       org.jetbrains.kotlin.resolve.calls.tower.ScopeBasedTowerLevel::<init> (59 bytes)
Event: 187.427 Thread 0x000001d2ff61c800 nmethod 5738 0x000001d2edc69590 code [0x000001d2edc69900, 0x000001d2edc6ace8]
Event: 187.428 Thread 0x000001d2ff61c800 5742       3       org.jetbrains.kotlin.resolve.scopes.ResolutionScope$DefaultImpls::recordLookup (28 bytes)
Event: 187.430 Thread 0x000001d2ff61c800 nmethod 5742 0x000001d2edc6b390 code [0x000001d2edc6b6c0, 0x000001d2edc6c608]
Event: 187.430 Thread 0x000001d2ff61c800 5739       1       org.jetbrains.kotlin.resolve.scopes.LexicalChainedScope::getImplicitReceiver (5 bytes)
Event: 187.430 Thread 0x000001d2ff61c800 nmethod 5739 0x000001d2f45feb10 code [0x000001d2f45fecc0, 0x000001d2f45fed78]
Event: 187.430 Thread 0x000001d2ff61c800 5740       1       org.jetbrains.kotlin.resolve.calls.tower.PSIKotlinCallImpl::getArgumentsInParenthesis (5 bytes)
Event: 187.430 Thread 0x000001d2ff61c800 nmethod 5740 0x000001d2f45fee10 code [0x000001d2f45fefc0, 0x000001d2f45ff078]
Event: 187.430 Thread 0x000001d2ff61c800 5741       1       org.jetbrains.kotlin.resolve.calls.inference.model.MutableConstraintStorage::getFixedTypeVariables (5 bytes)
Event: 187.430 Thread 0x000001d2ff61c800 nmethod 5741 0x000001d2f45ff110 code [0x000001d2f45ff2c0, 0x000001d2f45ff378]

GC Heap History (20 events):
Event: 120.309 GC heap before
{Heap before GC invocations=23 (full 0):
 garbage-first heap   total 133120K, used 45944K [0x00000000c8c00000, 0x0000000100000000)
  region size 1024K, 7 young (7168K), 1 survivors (1024K)
 Metaspace       used 49244K, capacity 49760K, committed 49996K, reserved 1093632K
  class space    used 5677K, capacity 5854K, committed 5964K, reserved 1048576K
}
Event: 120.533 GC heap after
{Heap after GC invocations=24 (full 0):
 garbage-first heap   total 133120K, used 40794K [0x00000000c8c00000, 0x0000000100000000)
  region size 1024K, 1 young (1024K), 1 survivors (1024K)
 Metaspace       used 49244K, capacity 49760K, committed 49996K, reserved 1093632K
  class space    used 5677K, capacity 5854K, committed 5964K, reserved 1048576K
}
Event: 123.155 GC heap before
{Heap before GC invocations=24 (full 0):
 garbage-first heap   total 133120K, used 45914K [0x00000000c8c00000, 0x0000000100000000)
  region size 1024K, 6 young (6144K), 1 survivors (1024K)
 Metaspace       used 49473K, capacity 50048K, committed 50252K, reserved 1093632K
  class space    used 5688K, capacity 5886K, committed 5964K, reserved 1048576K
}
Event: 123.233 GC heap after
{Heap after GC invocations=25 (full 0):
 garbage-first heap   total 133120K, used 41740K [0x00000000c8c00000, 0x0000000100000000)
  region size 1024K, 1 young (1024K), 1 survivors (1024K)
 Metaspace       used 49473K, capacity 50048K, committed 50252K, reserved 1093632K
  class space    used 5688K, capacity 5886K, committed 5964K, reserved 1048576K
}
Event: 124.837 GC heap before
{Heap before GC invocations=25 (full 0):
 garbage-first heap   total 133120K, used 47884K [0x00000000c8c00000, 0x0000000100000000)
  region size 1024K, 7 young (7168K), 1 survivors (1024K)
 Metaspace       used 49584K, capacity 50113K, committed 50508K, reserved 1093632K
  class space    used 5688K, capacity 5886K, committed 5964K, reserved 1048576K
}
Event: 125.099 GC heap after
{Heap after GC invocations=26 (full 0):
 garbage-first heap   total 133120K, used 43128K [0x00000000c8c00000, 0x0000000100000000)
  region size 1024K, 1 young (1024K), 1 survivors (1024K)
 Metaspace       used 49584K, capacity 50113K, committed 50508K, reserved 1093632K
  class space    used 5688K, capacity 5886K, committed 5964K, reserved 1048576K
}
Event: 129.080 GC heap before
{Heap before GC invocations=26 (full 0):
 garbage-first heap   total 133120K, used 48248K [0x00000000c8c00000, 0x0000000100000000)
  region size 1024K, 6 young (6144K), 1 survivors (1024K)
 Metaspace       used 49643K, capacity 50177K, committed 50508K, reserved 1093632K
  class space    used 5689K, capacity 5886K, committed 5964K, reserved 1048576K
}
Event: 129.314 GC heap after
{Heap after GC invocations=27 (full 0):
 garbage-first heap   total 133120K, used 44152K [0x00000000c8c00000, 0x0000000100000000)
  region size 1024K, 1 young (1024K), 1 survivors (1024K)
 Metaspace       used 49643K, capacity 50177K, committed 50508K, reserved 1093632K
  class space    used 5689K, capacity 5886K, committed 5964K, reserved 1048576K
}
Event: 130.768 GC heap before
{Heap before GC invocations=27 (full 0):
 garbage-first heap   total 133120K, used 49272K [0x00000000c8c00000, 0x0000000100000000)
  region size 1024K, 6 young (6144K), 1 survivors (1024K)
 Metaspace       used 49692K, capacity 50241K, committed 50508K, reserved 1093632K
  class space    used 5689K, capacity 5886K, committed 5964K, reserved 1048576K
}
Event: 130.878 GC heap after
{Heap after GC invocations=28 (full 0):
 garbage-first heap   total 133120K, used 45257K [0x00000000c8c00000, 0x0000000100000000)
  region size 1024K, 1 young (1024K), 1 survivors (1024K)
 Metaspace       used 49692K, capacity 50241K, committed 50508K, reserved 1093632K
  class space    used 5689K, capacity 5886K, committed 5964K, reserved 1048576K
}
Event: 140.095 GC heap before
{Heap before GC invocations=28 (full 0):
 garbage-first heap   total 133120K, used 51401K [0x00000000c8c00000, 0x0000000100000000)
  region size 1024K, 7 young (7168K), 1 survivors (1024K)
 Metaspace       used 50020K, capacity 50541K, committed 50764K, reserved 1093632K
  class space    used 5712K, capacity 5922K, committed 5964K, reserved 1048576K
}
Event: 140.275 GC heap after
{Heap after GC invocations=29 (full 0):
 garbage-first heap   total 133120K, used 46256K [0x00000000c8c00000, 0x0000000100000000)
  region size 1024K, 1 young (1024K), 1 survivors (1024K)
 Metaspace       used 50020K, capacity 50541K, committed 50764K, reserved 1093632K
  class space    used 5712K, capacity 5922K, committed 5964K, reserved 1048576K
}
Event: 150.201 GC heap before
{Heap before GC invocations=29 (full 0):
 garbage-first heap   total 133120K, used 51376K [0x00000000c8c00000, 0x0000000100000000)
  region size 1024K, 7 young (7168K), 1 survivors (1024K)
 Metaspace       used 51163K, capacity 51713K, committed 51916K, reserved 1095680K
  class space    used 5844K, capacity 6057K, committed 6092K, reserved 1048576K
}
Event: 150.445 GC heap after
{Heap after GC invocations=30 (full 0):
 garbage-first heap   total 133120K, used 46704K [0x00000000c8c00000, 0x0000000100000000)
  region size 1024K, 1 young (1024K), 1 survivors (1024K)
 Metaspace       used 51163K, capacity 51713K, committed 51916K, reserved 1095680K
  class space    used 5844K, capacity 6057K, committed 6092K, reserved 1048576K
}
Event: 161.681 GC heap before
{Heap before GC invocations=30 (full 0):
 garbage-first heap   total 133120K, used 51824K [0x00000000c8c00000, 0x0000000100000000)
  region size 1024K, 7 young (7168K), 1 survivors (1024K)
 Metaspace       used 52366K, capacity 52980K, committed 53196K, reserved 1095680K
  class space    used 5992K, capacity 6224K, committed 6348K, reserved 1048576K
}
Event: 161.848 GC heap after
{Heap after GC invocations=31 (full 0):
 garbage-first heap   total 133120K, used 47475K [0x00000000c8c00000, 0x0000000100000000)
  region size 1024K, 1 young (1024K), 1 survivors (1024K)
 Metaspace       used 52366K, capacity 52980K, committed 53196K, reserved 1095680K
  class space    used 5992K, capacity 6224K, committed 6348K, reserved 1048576K
}
Event: 163.347 GC heap before
{Heap before GC invocations=31 (full 0):
 garbage-first heap   total 133120K, used 52595K [0x00000000c8c00000, 0x0000000100000000)
  region size 1024K, 7 young (7168K), 1 survivors (1024K)
 Metaspace       used 52396K, capacity 52980K, committed 53196K, reserved 1095680K
  class space    used 5992K, capacity 6224K, committed 6348K, reserved 1048576K
}
Event: 163.431 GC heap after
{Heap after GC invocations=32 (full 0):
 garbage-first heap   total 159744K, used 48000K [0x00000000c8c00000, 0x0000000100000000)
  region size 1024K, 1 young (1024K), 1 survivors (1024K)
 Metaspace       used 52396K, capacity 52980K, committed 53196K, reserved 1095680K
  class space    used 5992K, capacity 6224K, committed 6348K, reserved 1048576K
}
Event: 186.715 GC heap before
{Heap before GC invocations=32 (full 0):
 garbage-first heap   total 159744K, used 56192K [0x00000000c8c00000, 0x0000000100000000)
  region size 1024K, 9 young (9216K), 1 survivors (1024K)
 Metaspace       used 53393K, capacity 54008K, committed 54348K, reserved 1097728K
  class space    used 6105K, capacity 6353K, committed 6476K, reserved 1048576K
}
Event: 186.800 GC heap after
{Heap after GC invocations=33 (full 0):
 garbage-first heap   total 159744K, used 49316K [0x00000000c8c00000, 0x0000000100000000)
  region size 1024K, 2 young (2048K), 2 survivors (2048K)
 Metaspace       used 53393K, capacity 54008K, committed 54348K, reserved 1097728K
  class space    used 6105K, capacity 6353K, committed 6476K, reserved 1048576K
}

Deoptimization events (20 events):
Event: 186.906 Thread 0x000001d2e8d5b000 Uncommon trap: trap_request=0xffffff4d fr.pc=0x000001d2f457f368 relative=0x0000000000008868
Event: 186.906 Thread 0x000001d2e8d5b000 Uncommon trap: reason=unstable_if action=reinterpret pc=0x000001d2f457f368 method=org.jetbrains.kotlin.load.java.structure.impl.classFiles.BinaryJavaMethodBase$Companion.create(Ljava/lang/String;ILjava/lang/String;Ljava/lang/String;Lorg/jetbrains/kotlin/l
Event: 186.906 Thread 0x000001d2e8d5b000 DEOPT PACKING pc=0x000001d2f457f368 sp=0x000000be783f9400
Event: 186.909 Thread 0x000001d2e8d5b000 DEOPT UNPACKING pc=0x000001d2ec8778af sp=0x000000be783f93a8 mode 2
Event: 186.998 Thread 0x000001d2e8d5b000 Uncommon trap: trap_request=0xffffff4d fr.pc=0x000001d2f45f2e7c relative=0x000000000000011c
Event: 186.998 Thread 0x000001d2e8d5b000 Uncommon trap: reason=unstable_if action=reinterpret pc=0x000001d2f45f2e7c method=org.jetbrains.kotlin.load.java.structure.JavaLoadingKt.isObjectMethodInInterface(Lorg/jetbrains/kotlin/load/java/structure/JavaMember;)Z @ 34 c2
Event: 186.998 Thread 0x000001d2e8d5b000 DEOPT PACKING pc=0x000001d2f45f2e7c sp=0x000000be783fa620
Event: 186.998 Thread 0x000001d2e8d5b000 DEOPT UNPACKING pc=0x000001d2ec8778af sp=0x000000be783fa4e8 mode 2
Event: 186.998 Thread 0x000001d2e8d5b000 Uncommon trap: trap_request=0xffffff4d fr.pc=0x000001d2f45f3568 relative=0x0000000000000208
Event: 186.998 Thread 0x000001d2e8d5b000 Uncommon trap: reason=unstable_if action=reinterpret pc=0x000001d2f45f3568 method=org.jetbrains.kotlin.load.java.structure.JavaLoadingKt.isObjectMethodInInterface(Lorg/jetbrains/kotlin/load/java/structure/JavaMember;)Z @ 34 c2
Event: 186.998 Thread 0x000001d2e8d5b000 DEOPT PACKING pc=0x000001d2f45f3568 sp=0x000000be783fa940
Event: 186.998 Thread 0x000001d2e8d5b000 DEOPT UNPACKING pc=0x000001d2ec8778af sp=0x000000be783fa880 mode 2
Event: 187.329 Thread 0x000001d2e8d5b000 Uncommon trap: trap_request=0xffffffc6 fr.pc=0x000001d2f4561c0c relative=0x000000000000048c
Event: 187.329 Thread 0x000001d2e8d5b000 Uncommon trap: reason=bimorphic_or_optimized_type_check action=maybe_recompile pc=0x000001d2f4561c0c method=org.jetbrains.kotlin.types.TypeConstructorSubstitution$Companion$createByConstructorsMap$1.isEmpty()Z @ 4 c2
Event: 187.329 Thread 0x000001d2e8d5b000 DEOPT PACKING pc=0x000001d2f4561c0c sp=0x000000be783fa1f0
Event: 187.329 Thread 0x000001d2e8d5b000 DEOPT UNPACKING pc=0x000001d2ec8778af sp=0x000000be783fa028 mode 2
Event: 187.469 Thread 0x000001d2e8d5b000 Uncommon trap: trap_request=0xfffffff4 fr.pc=0x000001d2f4554d70 relative=0x0000000000000af0
Event: 187.469 Thread 0x000001d2e8d5b000 Uncommon trap: reason=null_check action=make_not_entrant pc=0x000001d2f4554d70 method=org.jetbrains.kotlin.types.KotlinType.equals(Ljava/lang/Object;)Z @ 8 c2
Event: 187.469 Thread 0x000001d2e8d5b000 DEOPT PACKING pc=0x000001d2f4554d70 sp=0x000000be783faa80
Event: 187.469 Thread 0x000001d2e8d5b000 DEOPT UNPACKING pc=0x000001d2ec8778af sp=0x000000be783faa60 mode 2

Classes redefined (0 events):
No events

Internal exceptions (20 events):
Event: 16.967 Thread 0x000001d2e8d5b000 Exception <a 'java/lang/NoSuchMethodError'{0x00000000cb886258}: 'java.lang.Object java.lang.invoke.DelegatingMethodHandle$Holder.reinvoke_L(java.lang.Object, int, int, java.lang.Object, java.lang.Object, java.lang.Object)'> (0x00000000cb886258) thrown at [./src/hotspot/share/interpreter/linkResolver.cpp, line 773]
Event: 16.975 Thread 0x000001d2e8d5b000 Exception <a 'java/lang/NoSuchMethodError'{0x00000000cb88a5e0}: 'java.lang.Object java.lang.invoke.DirectMethodHandle$Holder.invokeStatic(java.lang.Object, java.lang.Object, java.lang.Object, java.lang.Object, int)'> (0x00000000cb88a5e0) thrown at [./src/hotspot/share/interpreter/linkResolver.cpp, line 773]
Event: 17.515 Thread 0x000001d2e8d5b000 Implicit null exception at 0x000001d2f43a93ac to 0x000001d2f43a955a
Event: 18.315 Thread 0x000001d2e8d5b000 Exception <a 'java/lang/NoSuchMethodError'{0x00000000cb208788}: 'void java.lang.invoke.DirectMethodHandle$Holder.invokeStatic(java.lang.Object, java.lang.Object, java.lang.Object, java.lang.Object)'> (0x00000000cb208788) thrown at [./src/hotspot/share/interpreter/linkResolver.cpp, line 773]
Event: 18.682 Thread 0x000001d2e8d5b000 Exception <a 'java/lang/NoSuchMethodError'{0x00000000cb1583e8}: 'void java.lang.invoke.DirectMethodHandle$Holder.invokeSpecial(java.lang.Object, java.lang.Object)'> (0x00000000cb1583e8) thrown at [./src/hotspot/share/interpreter/linkResolver.cpp, line 773]
Event: 19.166 Thread 0x000001d2e8d5b000 Exception <a 'java/lang/NoSuchMethodError'{0x00000000caffa318}: 'void java.lang.invoke.DirectMethodHandle$Holder.invokeStaticInit(java.lang.Object, java.lang.Object)'> (0x00000000caffa318) thrown at [./src/hotspot/share/interpreter/linkResolver.cpp, line 773]
Event: 19.293 Thread 0x000001d2e8d5b000 Exception <a 'java/lang/NoSuchMethodError'{0x00000000cc33d318}: 'void java.lang.invoke.DirectMethodHandle$Holder.invokeInterface(java.lang.Object, java.lang.Object)'> (0x00000000cc33d318) thrown at [./src/hotspot/share/interpreter/linkResolver.cpp, line 773]
Event: 21.462 Thread 0x000001d2e8d5b000 Exception <a 'java/lang/NoSuchMethodError'{0x00000000cbe66540}: 'void java.lang.invoke.DirectMethodHandle$Holder.invokeVirtual(java.lang.Object, java.lang.Object)'> (0x00000000cbe66540) thrown at [./src/hotspot/share/interpreter/linkResolver.cpp, line 773]
Event: 21.597 Thread 0x000001d2e8d5b000 Exception <a 'java/lang/NoSuchMethodError'{0x00000000cbedc518}: 'int java.lang.invoke.DirectMethodHandle$Holder.invokeVirtual(java.lang.Object, java.lang.Object)'> (0x00000000cbedc518) thrown at [./src/hotspot/share/interpreter/linkResolver.cpp, line 773]
Event: 33.386 Thread 0x000001d2e8d5b000 Exception <a 'java/lang/NoSuchMethodError'{0x00000000cc3cf588}: 'java.lang.Object java.lang.invoke.DirectMethodHandle$Holder.invokeVirtual(java.lang.Object, java.lang.Object, java.lang.Object)'> (0x00000000cc3cf588) thrown at [./src/hotspot/share/interpreter/linkResolver.cpp, line 773]
Event: 42.378 Thread 0x000001d2e8d5b000 Exception <a 'java/lang/NoSuchMethodError'{0x00000000cd48df30}: 'java.lang.Object java.lang.invoke.DirectMethodHandle$Holder.invokeStatic(java.lang.Object, java.lang.Object, java.lang.Object, int)'> (0x00000000cd48df30) thrown at [./src/hotspot/share/interpreter/linkResolver.cpp, line 773]
Event: 42.431 Thread 0x000001d2e8d5b000 Exception <a 'java/lang/NoSuchMethodError'{0x00000000cd491ba0}: 'java.lang.Object java.lang.invoke.DirectMethodHandle$Holder.invokeSpecial(java.lang.Object, java.lang.Object, java.lang.Object, java.lang.Object, int)'> (0x00000000cd491ba0) thrown at [./src/hotspot/share/interpreter/linkResolver.cpp, line 773]
Event: 42.431 Thread 0x000001d2e8d5b000 Exception <a 'java/lang/NoSuchMethodError'{0x00000000cd494eb0}: 'java.lang.Object java.lang.invoke.Invokers$Holder.linkToTargetMethod(java.lang.Object, java.lang.Object, int, java.lang.Object)'> (0x00000000cd494eb0) thrown at [./src/hotspot/share/interpreter/linkResolver.cpp, line 773]
Event: 43.939 Thread 0x000001d2e8d5b000 Exception <a 'java/lang/NoSuchMethodError'{0x00000000ccc70c60}: 'java.lang.Object java.lang.invoke.Invokers$Holder.linkToTargetMethod(java.lang.Object, int, java.lang.Object)'> (0x00000000ccc70c60) thrown at [./src/hotspot/share/interpreter/linkResolver.cpp, line 773]
Event: 112.822 Thread 0x000001d2e8d5b000 Exception <a 'java/lang/NoSuchMethodError'{0x00000000d0b78230}: 'java.lang.Object java.lang.invoke.DirectMethodHandle$Holder.invokeStaticInit(java.lang.Object, java.lang.Object, java.lang.Object)'> (0x00000000d0b78230) thrown at [./src/hotspot/share/interpreter/linkResolver.cpp, line 773]
Event: 149.576 Thread 0x000001d2e8d5b000 Implicit null exception at 0x000001d2f437b75e to 0x000001d2f437beba
Event: 149.577 Thread 0x000001d2e8d5b000 Implicit null exception at 0x000001d2f437e22f to 0x000001d2f437e29d
Event: 155.592 Thread 0x000001d2e8d5b000 Exception <a 'java/lang/NoSuchMethodError'{0x00000000d0daf258}: 'java.lang.Object java.lang.invoke.Invokers$Holder.linkToTargetMethod(java.lang.Object, java.lang.Object, java.lang.Object, java.lang.Object, java.lang.Object, java.lang.Object)'> (0x00000000d0daf258) thrown at [./src/hotspot/share/interpreter/linkResolver.cpp, line 773]
Event: 171.068 Thread 0x000001d2e8d5b000 Implicit null exception at 0x000001d2f44e174c to 0x000001d2f44e1828
Event: 187.468 Thread 0x000001d2e8d5b000 Implicit null exception at 0x000001d2f45542bc to 0x000001d2f4554d64

Events (20 events):
Event: 187.442 loading class org/jetbrains/kotlin/types/expressions/DoubleColonExpressionResolver$resolveReservedExpressionSyntaxOnDoubleColonLHS$resultForReservedExpr$1
Event: 187.442 loading class org/jetbrains/kotlin/types/expressions/DoubleColonExpressionResolver$resolveReservedExpressionSyntaxOnDoubleColonLHS$resultForReservedExpr$1 done
Event: 187.444 loading class org/jetbrains/kotlin/types/expressions/DoubleColonExpressionResolver$resolveReservedExpressionSyntaxOnDoubleColonLHS$resultForReservedExpr$2
Event: 187.444 loading class org/jetbrains/kotlin/types/expressions/DoubleColonExpressionResolver$resolveReservedExpressionSyntaxOnDoubleColonLHS$resultForReservedExpr$2 done
Event: 187.445 loading class org/jetbrains/kotlin/types/expressions/DoubleColonExpressionResolver$resolveReservedExpressionSyntaxOnDoubleColonLHS$resultForReservedCallChain$1
Event: 187.445 loading class org/jetbrains/kotlin/types/expressions/DoubleColonExpressionResolver$resolveReservedExpressionSyntaxOnDoubleColonLHS$resultForReservedCallChain$1 done
Event: 187.447 loading class org/jetbrains/kotlin/types/expressions/DoubleColonExpressionResolver$resolveReservedExpressionSyntaxOnDoubleColonLHS$resultForReservedCallChain$2
Event: 187.447 loading class org/jetbrains/kotlin/types/expressions/DoubleColonExpressionResolver$resolveReservedExpressionSyntaxOnDoubleColonLHS$resultForReservedCallChain$2 done
Event: 187.448 loading class org/jetbrains/kotlin/types/expressions/DoubleColonExpressionResolver$ReservedDoubleColonLHSResolutionResult
Event: 187.448 loading class org/jetbrains/kotlin/types/expressions/DoubleColonExpressionResolver$ReservedDoubleColonLHSResolutionResult done
Event: 187.451 loading class org/jetbrains/kotlin/types/expressions/DoubleColonExpressionResolver$resolveDoubleColonLHS$resultForType$1
Event: 187.451 loading class org/jetbrains/kotlin/types/expressions/DoubleColonExpressionResolver$resolveDoubleColonLHS$resultForType$1 done
Event: 187.452 loading class org/jetbrains/kotlin/types/expressions/DoubleColonExpressionResolver$resolveDoubleColonLHS$resultForType$2
Event: 187.452 loading class org/jetbrains/kotlin/types/expressions/DoubleColonExpressionResolver$resolveDoubleColonLHS$resultForType$2 done
Event: 187.466 loading class org/jetbrains/kotlin/types/expressions/DoubleColonExpressionResolverKt
Event: 187.466 loading class org/jetbrains/kotlin/types/expressions/DoubleColonExpressionResolverKt done
Event: 187.470 loading class org/jetbrains/kotlin/resolve/calls/inference/BuilderInferenceSession
Event: 187.470 loading class org/jetbrains/kotlin/resolve/calls/inference/BuilderInferenceSession done
Event: 187.494 loading class org/jetbrains/kotlin/resolve/calls/tower/ManyCandidatesResolver
Event: 187.494 loading class org/jetbrains/kotlin/resolve/calls/tower/ManyCandidatesResolver done


Dynamic libraries:
0x00007ff64d1e0000 - 0x00007ff64d1ea000 	C:\Program Files\Android\Android Studio\jre\bin\java.exe
0x00007ffe1d210000 - 0x00007ffe1d405000 	C:\WINDOWS\SYSTEM32\ntdll.dll
0x00007ffe1c9f0000 - 0x00007ffe1caae000 	C:\WINDOWS\System32\KERNEL32.DLL
0x00007ffe1aaa0000 - 0x00007ffe1ad68000 	C:\WINDOWS\System32\KERNELBASE.dll
0x00007ffe1ad70000 - 0x00007ffe1ae70000 	C:\WINDOWS\System32\ucrtbase.dll
0x00007ffe14470000 - 0x00007ffe14487000 	C:\Program Files\Android\Android Studio\jre\bin\VCRUNTIME140.dll
0x00007ffe14490000 - 0x00007ffe144a9000 	C:\Program Files\Android\Android Studio\jre\bin\jli.dll
0x00007ffe1c140000 - 0x00007ffe1c2e0000 	C:\WINDOWS\System32\USER32.dll
0x00007ffe1a920000 - 0x00007ffe1a942000 	C:\WINDOWS\System32\win32u.dll
0x00007ffe1cd10000 - 0x00007ffe1cd3b000 	C:\WINDOWS\System32\GDI32.dll
0x00007ffe0a050000 - 0x00007ffe0a2ea000 	C:\WINDOWS\WinSxS\amd64_microsoft.windows.common-controls_6595b64144ccf1df_6.0.19041.1110_none_60b5254171f9507e\COMCTL32.dll
0x00007ffe1cb40000 - 0x00007ffe1cbde000 	C:\WINDOWS\System32\msvcrt.dll
0x00007ffe1b000000 - 0x00007ffe1b10d000 	C:\WINDOWS\System32\gdi32full.dll
0x00007ffe1aa00000 - 0x00007ffe1aa9d000 	C:\WINDOWS\System32\msvcp_win.dll
0x00007ffe1cab0000 - 0x00007ffe1cae0000 	C:\WINDOWS\System32\IMM32.DLL
0x00007ffdc0220000 - 0x00007ffdc02bd000 	C:\Program Files\Android\Android Studio\jre\bin\msvcp140.dll
0x00007ffdaee10000 - 0x00007ffdaf8df000 	C:\Program Files\Android\Android Studio\jre\bin\server\jvm.dll
0x00007ffe1b260000 - 0x00007ffe1b30e000 	C:\WINDOWS\System32\ADVAPI32.dll
0x00007ffe1bfc0000 - 0x00007ffe1c05c000 	C:\WINDOWS\System32\sechost.dll
0x00007ffe1b620000 - 0x00007ffe1b745000 	C:\WINDOWS\System32\RPCRT4.dll
0x00007ffe1d1c0000 - 0x00007ffe1d1c8000 	C:\WINDOWS\System32\PSAPI.DLL
0x00007ffe11780000 - 0x00007ffe117a7000 	C:\WINDOWS\SYSTEM32\WINMM.dll
0x00007ffe0d970000 - 0x00007ffe0d979000 	C:\WINDOWS\SYSTEM32\WSOCK32.dll
0x00007ffe187a0000 - 0x00007ffe187aa000 	C:\WINDOWS\SYSTEM32\VERSION.dll
0x00007ffe1c3b0000 - 0x00007ffe1c41b000 	C:\WINDOWS\System32\WS2_32.dll
0x00007ffe189f0000 - 0x00007ffe18a02000 	C:\WINDOWS\SYSTEM32\kernel.appcore.dll
0x00007ffdf1c60000 - 0x00007ffdf1c71000 	C:\Program Files\Android\Android Studio\jre\bin\verify.dll
0x00007ffe0e420000 - 0x00007ffe0e604000 	C:\WINDOWS\SYSTEM32\DBGHELP.DLL
0x00007ffe008d0000 - 0x00007ffe008fc000 	C:\WINDOWS\SYSTEM32\dbgcore.DLL
0x00007ffe1b160000 - 0x00007ffe1b1e2000 	C:\WINDOWS\System32\bcryptPrimitives.dll
0x00007ffdecc00000 - 0x00007ffdecc29000 	C:\Program Files\Android\Android Studio\jre\bin\java.dll
0x00007ffe0cc90000 - 0x00007ffe0cc9b000 	C:\Program Files\Android\Android Studio\jre\bin\jimage.dll
0x00007ffdea600000 - 0x00007ffdea618000 	C:\Program Files\Android\Android Studio\jre\bin\zip.dll
0x00007ffe1b750000 - 0x00007ffe1be94000 	C:\WINDOWS\System32\SHELL32.dll
0x00007ffe18a10000 - 0x00007ffe191a4000 	C:\WINDOWS\SYSTEM32\windows.storage.dll
0x00007ffe1c560000 - 0x00007ffe1c8b5000 	C:\WINDOWS\System32\combase.dll
0x00007ffe1a2a0000 - 0x00007ffe1a2ce000 	C:\WINDOWS\SYSTEM32\Wldp.dll
0x00007ffe1c940000 - 0x00007ffe1c9ed000 	C:\WINDOWS\System32\SHCORE.dll
0x00007ffe1b310000 - 0x00007ffe1b365000 	C:\WINDOWS\System32\shlwapi.dll
0x00007ffe1a860000 - 0x00007ffe1a87f000 	C:\WINDOWS\SYSTEM32\profapi.dll
0x00007ffdea4a0000 - 0x00007ffdea4ba000 	C:\Program Files\Android\Android Studio\jre\bin\net.dll
0x00007ffe0e230000 - 0x00007ffe0e33c000 	C:\WINDOWS\SYSTEM32\WINHTTP.dll
0x00007ffe1a000000 - 0x00007ffe1a06a000 	C:\WINDOWS\system32\mswsock.dll
0x00007ffde9f70000 - 0x00007ffde9f84000 	C:\Program Files\Android\Android Studio\jre\bin\nio.dll

dbghelp: loaded successfully - version: 4.0.5 - missing functions: none
symbol engine: initialized successfully - sym options: 0x614 - pdb path: .;C:\Program Files\Android\Android Studio\jre\bin;C:\WINDOWS\SYSTEM32;C:\WINDOWS\WinSxS\amd64_microsoft.windows.common-controls_6595b64144ccf1df_6.0.19041.1110_none_60b5254171f9507e;C:\Program Files\Android\Android Studio\jre\bin\server

VM Arguments:
java_command: org.jetbrains.kotlin.cli.jvm.K2JVMCompiler @C:\Users\57318\AndroidStudioProjects\YoutubeApp\app\build\20220303_3142081346993761926.compiler.options
java_class_path (initial): C:\Users\57318\.gradle\caches\modules-2\files-2.1\org.jetbrains.kotlin\kotlin-compiler-embeddable\1.5.20\1900e8b9aca0a9caffd45b99b36e3720a0a284f8\kotlin-compiler-embeddable-1.5.20.jar;C:\Users\57318\.gradle\caches\modules-2\files-2.1\org.jetbrains.kotlin\kotlin-reflect\1.5.20\63810951f09a27f7827977f1bc21094042a915e\kotlin-reflect-1.5.20.jar;C:\Users\57318\.gradle\caches\modules-2\files-2.1\org.jetbrains.kotlin\kotlin-stdlib\1.5.20\9de35cc611bcecec8edce1d56d8e659953806751\kotlin-stdlib-1.5.20.jar;C:\Users\57318\.gradle\caches\modules-2\files-2.1\org.jetbrains.kotlin\kotlin-script-runtime\1.5.20\4381bb58d37b84d4d1afe55ec35542dd9b77e101\kotlin-script-runtime-1.5.20.jar;C:\Users\57318\.gradle\caches\modules-2\files-2.1\org.jetbrains.kotlin\kotlin-daemon-embeddable\1.5.20\36c38cda019834dcd2959cc33a12768adcd94256\kotlin-daemon-embeddable-1.5.20.jar;C:\Users\57318\.gradle\caches\modules-2\files-2.1\org.jetbrains.intellij.deps\trove4j\1.0.20181211\216c2e14b070f334479d800987affe4054cd563f\trove4j-1.0.20181211.jar;C:\Users\57318\.gradle\caches\modules-2\files-2.1\org.jetbrains\annotations\13.0\919f0dfe192fb4e063e7dacadee7f8bb9a2672a9\annotations-13.0.jar;C:\Users\57318\.gradle\caches\modules-2\files-2.1\org.jetbrains.kotlin\kotlin-stdlib-common\1.5.20\3d79dbd48bf605f4aac1e7028981a1953e245cbb\kotlin-stdlib-common-1.5.20.jar
Launcher Type: SUN_STANDARD

[Global flags]
     intx CICompilerCount                          = 4                                         {product} {ergonomic}
     uint ConcGCThreads                            = 2                                         {product} {ergonomic}
     uint G1ConcRefinementThreads                  = 8                                         {product} {ergonomic}
   size_t G1HeapRegionSize                         = 1048576                                   {product} {ergonomic}
    uintx GCDrainStackTargetSize                   = 64                                        {product} {ergonomic}
   size_t InitialHeapSize                          = 58720256                                  {product} {ergonomic}
   size_t MarkStackSize                            = 4194304                                   {product} {ergonomic}
   size_t MaxHeapSize                              = 926941184                                 {product} {ergonomic}
   size_t MaxNewSize                               = 555745280                                 {product} {ergonomic}
   size_t MinHeapDeltaBytes                        = 1048576                                   {product} {ergonomic}
    uintx NonNMethodCodeHeapSize                   = 5836300                                {pd product} {ergonomic}
    uintx NonProfiledCodeHeapSize                  = 122910970                              {pd product} {ergonomic}
    uintx ProfiledCodeHeapSize                     = 122910970                              {pd product} {ergonomic}
    uintx ReservedCodeCacheSize                    = 251658240                              {pd product} {ergonomic}
     bool SegmentedCodeCache                       = true                                      {product} {ergonomic}
     bool UseCompressedClassPointers               = true                                 {lp64_product} {ergonomic}
     bool UseCompressedOops                        = true                                 {lp64_product} {ergonomic}
     bool UseG1GC                                  = true                                      {product} {ergonomic}
     bool UseLargePagesIndividualAllocation        = false                                  {pd product} {ergonomic}

Logging:
Log output configuration:
 #0: stdout all=warning uptime,level,tags
 #1: stderr all=off uptime,level,tags

Environment Variables:
JAVA_HOME=C:\Program Files\Java\jdk1.8.0_202
PATH=C:\Program Files (x86)\VMware\VMware Player\bin\;C:\Program Files (x86)\Common Files\Oracle\Java\javapath;C:\ProgramData\Oracle\Java\javapath;C:\WINDOWS\system32;C:\WINDOWS;C:\WINDOWS\System32\Wbem;C:\WINDOWS\System32\WindowsPowerShell\v1.0\;C:\WINDOWS\System32\OpenSSH\;C:\Program Files\Intel\WiFi\bin\;C:\Program Files\Common Files\Intel\WirelessCommon\;C:\Program Files\Git\cmd;C:\Program Files\MATLAB\R2021a\bin;C:\Program Files\Java\jdk1.8.0_202\bin;C:\Program Files\nodejs\;C:\Program Files\PowerShell\7\;C:\Program Files\dotnet\;C:\Program Files (x86)\dotnet\;C:\Users\57318\AppData\Local\Microsoft\WindowsApps;C:\intelFPGA\20.1\modelsim_ase\win32aloem;C:\Users\57318\Desktop\modelsim_ase\win32aloem;C:\Users\57318\AppData\Local\Programs\Microsoft VS Code\bin;C:\Program Files\heroku\bin;C:\Program Files\Java\jdk1.8.0_202\bin;C:\Users\57318\AppData\Roaming\npm;C:\Users\57318\.dotnet\tools
USERNAME=57318
OS=Windows_NT
PROCESSOR_IDENTIFIER=AMD64 Family 23 Model 24 Stepping 1, AuthenticAMD



---------------  S Y S T E M  ---------------

OS: Windows 10 , 64 bit Build 19041 (10.0.19041.1503)
OS uptime: 6 days 11:18 hours

CPU:total 8 (initial active 8) (8 cores per cpu, 2 threads per core) family 23 model 24 stepping 1 microcode 0x0, cmov, cx8, fxsr, mmx, sse, sse2, sse3, ssse3, sse4.1, sse4.2, popcnt, avx, avx2, aes, clmul, mmxext, 3dnowpref, lzcnt, sse4a, ht, tsc, tscinvbit, tscinv, bmi1, bmi2, adx, s

Memory: 4k page, system-wide physical 3531M (13M free)
TotalPageFile size 14283M (AvailPageFile size 0M)
current process WorkingSet (physical memory assigned to process): 83M, peak: 141M
current process commit charge ("private bytes"): 327M, peak: 334M

vm_info: OpenJDK 64-Bit Server VM (11.0.10+0-b96-7249189) for windows-amd64 JRE (11.0.10+0-b96-7249189), built on Mar 31 2021 21:44:00 by "builder" with MS VC++ 14.0 (VS2015)

END.
